Determining if the pthread_create exist failed with the following output:
Change Dir: /home/louis/ros_ws/build/CMakeFiles/CMakeTmp

Run Build Command:/usr/bin/make "cmTryCompileExec1827302595/fast"
/usr/bin/make -f CMakeFiles/cmTryCompileExec1827302595.dir/build.make CMakeFiles/cmTryCompileExec1827302595.dir/build
make[1]: Entering directory `/home/louis/ros_ws/build/CMakeFiles/CMakeTmp'
/usr/bin/cmake -E cmake_progress_report /home/louis/ros_ws/build/CMakeFiles/CMakeTmp/CMakeFiles 1
Building C object CMakeFiles/cmTryCompileExec1827302595.dir/CheckSymbolExists.c.o
/usr/bin/cc    -o CMakeFiles/cmTryCompileExec1827302595.dir/CheckSymbolExists.c.o   -c /home/louis/ros_ws/build/CMakeFiles/CMakeTmp/CheckSymbolExists.c
Linking C executable cmTryCompileExec1827302595
/usr/bin/cmake -E cmake_link_script CMakeFiles/cmTryCompileExec1827302595.dir/link.txt --verbose=1
/usr/bin/cc       CMakeFiles/cmTryCompileExec1827302595.dir/CheckSymbolExists.c.o  -o cmTryCompileExec1827302595 -rdynamic 
CMakeFiles/cmTryCompileExec1827302595.dir/CheckSymbolExists.c.o: In function `main':
CheckSymbolExists.c:(.text+0x16): undefined reference to `pthread_create'
collect2: error: ld returned 1 exit status
make[1]: *** [cmTryCompileExec1827302595] Error 1
make[1]: Leaving directory `/home/louis/ros_ws/build/CMakeFiles/CMakeTmp'
make: *** [cmTryCompileExec1827302595/fast] Error 2

File /home/louis/ros_ws/build/CMakeFiles/CMakeTmp/CheckSymbolExists.c:
/* */
#include <pthread.h>

int main(int argc, char** argv)
{
  (void)argv;
#ifndef pthread_create
  return ((int*)(&pthread_create))[argc];
#else
  (void)argc;
  return 0;
#endif
}

Determining if the function pthread_create exists in the pthreads failed with the following output:
Change Dir: /home/louis/ros_ws/build/CMakeFiles/CMakeTmp

Run Build Command:/usr/bin/make "cmTryCompileExec2520128582/fast"
/usr/bin/make -f CMakeFiles/cmTryCompileExec2520128582.dir/build.make CMakeFiles/cmTryCompileExec2520128582.dir/build
make[1]: Entering directory `/home/louis/ros_ws/build/CMakeFiles/CMakeTmp'
/usr/bin/cmake -E cmake_progress_report /home/louis/ros_ws/build/CMakeFiles/CMakeTmp/CMakeFiles 1
Building C object CMakeFiles/cmTryCompileExec2520128582.dir/CheckFunctionExists.c.o
/usr/bin/cc   -DCHECK_FUNCTION_EXISTS=pthread_create   -o CMakeFiles/cmTryCompileExec2520128582.dir/CheckFunctionExists.c.o   -c /usr/share/cmake-2.8/Modules/CheckFunctionExists.c
Linking C executable cmTryCompileExec2520128582
/usr/bin/cmake -E cmake_link_script CMakeFiles/cmTryCompileExec2520128582.dir/link.txt --verbose=1
/usr/bin/cc   -DCHECK_FUNCTION_EXISTS=pthread_create    CMakeFiles/cmTryCompileExec2520128582.dir/CheckFunctionExists.c.o  -o cmTryCompileExec2520128582 -rdynamic -lpthreads 
/usr/bin/ld: cannot find -lpthreads
collect2: error: ld returned 1 exit status
make[1]: *** [cmTryCompileExec2520128582] Error 1
make[1]: Leaving directory `/home/louis/ros_ws/build/CMakeFiles/CMakeTmp'
make: *** [cmTryCompileExec2520128582/fast] Error 2


Determining if the Q_WS_WIN exist failed with the following output:
Change Dir: /home/louis/ros_ws/build/CMakeFiles/CMakeTmp

Run Build Command:/usr/bin/make "cmTryCompileExec849402664/fast"
/usr/bin/make -f CMakeFiles/cmTryCompileExec849402664.dir/build.make CMakeFiles/cmTryCompileExec849402664.dir/build
make[1]: Entering directory `/home/louis/ros_ws/build/CMakeFiles/CMakeTmp'
/usr/bin/cmake -E cmake_progress_report /home/louis/ros_ws/build/CMakeFiles/CMakeTmp/CMakeFiles 1
Building CXX object CMakeFiles/cmTryCompileExec849402664.dir/CheckSymbolExists.cxx.o
/usr/bin/c++    -I/usr/include/qt4    -o CMakeFiles/cmTryCompileExec849402664.dir/CheckSymbolExists.cxx.o -c /home/louis/ros_ws/build/CMakeFiles/CMakeTmp/CheckSymbolExists.cxx
/home/louis/ros_ws/build/CMakeFiles/CMakeTmp/CheckSymbolExists.cxx: In function ‘int main(int, char**)’:
/home/louis/ros_ws/build/CMakeFiles/CMakeTmp/CheckSymbolExists.cxx:8:19: error: ‘Q_WS_WIN’ was not declared in this scope
   return ((int*)(&Q_WS_WIN))[argc];
                   ^
make[1]: Leaving directory `/home/louis/ros_ws/build/CMakeFiles/CMakeTmp'
make[1]: *** [CMakeFiles/cmTryCompileExec849402664.dir/CheckSymbolExists.cxx.o] Error 1
make: *** [cmTryCompileExec849402664/fast] Error 2

File /home/louis/ros_ws/build/CMakeFiles/CMakeTmp/CheckSymbolExists.cxx:
/* */
#include <QtCore/qglobal.h>

int main(int argc, char** argv)
{
  (void)argv;
#ifndef Q_WS_WIN
  return ((int*)(&Q_WS_WIN))[argc];
#else
  (void)argc;
  return 0;
#endif
}

Determining if the Q_WS_QWS exist failed with the following output:
Change Dir: /home/louis/ros_ws/build/CMakeFiles/CMakeTmp

Run Build Command:/usr/bin/make "cmTryCompileExec1227343199/fast"
/usr/bin/make -f CMakeFiles/cmTryCompileExec1227343199.dir/build.make CMakeFiles/cmTryCompileExec1227343199.dir/build
make[1]: Entering directory `/home/louis/ros_ws/build/CMakeFiles/CMakeTmp'
/usr/bin/cmake -E cmake_progress_report /home/louis/ros_ws/build/CMakeFiles/CMakeTmp/CMakeFiles 1
Building CXX object CMakeFiles/cmTryCompileExec1227343199.dir/CheckSymbolExists.cxx.o
/usr/bin/c++    -I/usr/include/qt4    -o CMakeFiles/cmTryCompileExec1227343199.dir/CheckSymbolExists.cxx.o -c /home/louis/ros_ws/build/CMakeFiles/CMakeTmp/CheckSymbolExists.cxx
/home/louis/ros_ws/build/CMakeFiles/CMakeTmp/CheckSymbolExists.cxx: In function ‘int main(int, char**)’:
/home/louis/ros_ws/build/CMakeFiles/CMakeTmp/CheckSymbolExists.cxx:8:19: error: ‘Q_WS_QWS’ was not declared in this scope
   return ((int*)(&Q_WS_QWS))[argc];
                   ^
make[1]: Leaving directory `/home/louis/ros_ws/build/CMakeFiles/CMakeTmp'
make[1]: *** [CMakeFiles/cmTryCompileExec1227343199.dir/CheckSymbolExists.cxx.o] Error 1
make: *** [cmTryCompileExec1227343199/fast] Error 2

File /home/louis/ros_ws/build/CMakeFiles/CMakeTmp/CheckSymbolExists.cxx:
/* */
#include <QtCore/qglobal.h>

int main(int argc, char** argv)
{
  (void)argv;
#ifndef Q_WS_QWS
  return ((int*)(&Q_WS_QWS))[argc];
#else
  (void)argc;
  return 0;
#endif
}

Determining if the Q_WS_MAC exist failed with the following output:
Change Dir: /home/louis/ros_ws/build/CMakeFiles/CMakeTmp

Run Build Command:/usr/bin/make "cmTryCompileExec3809425732/fast"
/usr/bin/make -f CMakeFiles/cmTryCompileExec3809425732.dir/build.make CMakeFiles/cmTryCompileExec3809425732.dir/build
make[1]: Entering directory `/home/louis/ros_ws/build/CMakeFiles/CMakeTmp'
/usr/bin/cmake -E cmake_progress_report /home/louis/ros_ws/build/CMakeFiles/CMakeTmp/CMakeFiles 1
Building CXX object CMakeFiles/cmTryCompileExec3809425732.dir/CheckSymbolExists.cxx.o
/usr/bin/c++    -I/usr/include/qt4    -o CMakeFiles/cmTryCompileExec3809425732.dir/CheckSymbolExists.cxx.o -c /home/louis/ros_ws/build/CMakeFiles/CMakeTmp/CheckSymbolExists.cxx
/home/louis/ros_ws/build/CMakeFiles/CMakeTmp/CheckSymbolExists.cxx: In function ‘int main(int, char**)’:
/home/louis/ros_ws/build/CMakeFiles/CMakeTmp/CheckSymbolExists.cxx:8:19: error: ‘Q_WS_MAC’ was not declared in this scope
   return ((int*)(&Q_WS_MAC))[argc];
                   ^
make[1]: Leaving directory `/home/louis/ros_ws/build/CMakeFiles/CMakeTmp'
make[1]: *** [CMakeFiles/cmTryCompileExec3809425732.dir/CheckSymbolExists.cxx.o] Error 1
make: *** [cmTryCompileExec3809425732/fast] Error 2

File /home/louis/ros_ws/build/CMakeFiles/CMakeTmp/CheckSymbolExists.cxx:
/* */
#include <QtCore/qglobal.h>

int main(int argc, char** argv)
{
  (void)argv;
#ifndef Q_WS_MAC
  return ((int*)(&Q_WS_MAC))[argc];
#else
  (void)argc;
  return 0;
#endif
}

